[03-Jan-2020 05:40:02 UTC] PHP Warning:  PHP Startup: Unable to load dynamic library 'interbase' (tried: ext\interbase (Le module spécifié est introuvable.), ext\php_interbase.dll (Le module spécifié est introuvable.)) in Unknown on line 0
[03-Jan-2020 05:40:02 UTC] PHP Warning:  PHP Startup: Unable to load dynamic library 'oci8_12c' (tried: ext\oci8_12c (Le module spécifié est introuvable.), ext\php_oci8_12c.dll (Le module spécifié est introuvable.)) in Unknown on line 0
[03-Jan-2020 05:40:02 UTC] PHP Warning:  PHP Startup: Unable to load dynamic library 'pdo_firebird' (tried: ext\pdo_firebird (Le module spécifié est introuvable.), ext\php_pdo_firebird.dll (Le module spécifié est introuvable.)) in Unknown on line 0
[03-Jan-2020 05:40:02 UTC] PHP Warning:  PHP Startup: Unable to load dynamic library 'pdo_oci' (tried: ext\pdo_oci (Le module spécifié est introuvable.), ext\php_pdo_oci.dll (Le module spécifié est introuvable.)) in Unknown on line 0
[03-Jan-2020 05:40:08 UTC] PHP Warning:  PHP Startup: Unable to load dynamic library 'interbase' (tried: ext\interbase (Le module spécifié est introuvable.), ext\php_interbase.dll (Le module spécifié est introuvable.)) in Unknown on line 0
[03-Jan-2020 05:40:08 UTC] PHP Warning:  PHP Startup: Unable to load dynamic library 'oci8_12c' (tried: ext\oci8_12c (Le module spécifié est introuvable.), ext\php_oci8_12c.dll (Le module spécifié est introuvable.)) in Unknown on line 0
[03-Jan-2020 05:40:08 UTC] PHP Warning:  PHP Startup: Unable to load dynamic library 'pdo_firebird' (tried: ext\pdo_firebird (Le module spécifié est introuvable.), ext\php_pdo_firebird.dll (Le module spécifié est introuvable.)) in Unknown on line 0
[03-Jan-2020 05:40:08 UTC] PHP Warning:  PHP Startup: Unable to load dynamic library 'pdo_oci' (tried: ext\pdo_oci (Le module spécifié est introuvable.), ext\php_pdo_oci.dll (Le module spécifié est introuvable.)) in Unknown on line 0
[03-Jan-2020 05:40:08 UTC] PHP Warning:  Unknown: open_basedir restriction in effect. File(C:\composer\composer.phar) is not within the allowed path(s): (C:\inetpub\wwwroot) in Unknown on line 0
[03-Jan-2020 05:40:08 UTC] PHP Warning:  Phar::mapPhar(): open_basedir restriction in effect. File(C:\composer\composer.phar) is not within the allowed path(s): (C:\inetpub\wwwroot) in C:\composer\composer.phar on line 23
[03-Jan-2020 05:40:08 UTC] PHP Warning:  require(): open_basedir restriction in effect. File(composer.phar) is not within the allowed path(s): (C:\inetpub\wwwroot) in C:\composer\composer.phar on line 24
[03-Jan-2020 05:40:08 UTC] PHP Warning:  require(phar://composer.phar/bin/composer): failed to open stream: phar error: invalid url or non-existent phar "phar://composer.phar/bin/composer" in C:\composer\composer.phar on line 24
[03-Jan-2020 05:40:08 UTC] PHP Fatal error:  require(): Failed opening required 'phar://composer.phar/bin/composer' (include_path='.;C:\php\pear') in C:\composer\composer.phar on line 24
[03-Jan-2020 05:40:10 UTC] PHP Warning:  PHP Startup: Unable to load dynamic library 'interbase' (tried: ext\interbase (Le module spécifié est introuvable.), ext\php_interbase.dll (Le module spécifié est introuvable.)) in Unknown on line 0
[03-Jan-2020 05:40:10 UTC] PHP Warning:  PHP Startup: Unable to load dynamic library 'oci8_12c' (tried: ext\oci8_12c (Le module spécifié est introuvable.), ext\php_oci8_12c.dll (Le module spécifié est introuvable.)) in Unknown on line 0
[03-Jan-2020 05:40:10 UTC] PHP Warning:  PHP Startup: Unable to load dynamic library 'pdo_firebird' (tried: ext\pdo_firebird (Le module spécifié est introuvable.), ext\php_pdo_firebird.dll (Le module spécifié est introuvable.)) in Unknown on line 0
[03-Jan-2020 05:40:10 UTC] PHP Warning:  PHP Startup: Unable to load dynamic library 'pdo_oci' (tried: ext\pdo_oci (Le module spécifié est introuvable.), ext\php_pdo_oci.dll (Le module spécifié est introuvable.)) in Unknown on line 0
[03-Jan-2020 05:40:11 UTC] PHP Warning:  Unknown: open_basedir restriction in effect. File(C:\composer\composer.phar) is not within the allowed path(s): (C:\inetpub\wwwroot) in Unknown on line 0
[03-Jan-2020 05:40:11 UTC] PHP Warning:  Phar::mapPhar(): open_basedir restriction in effect. File(C:\composer\composer.phar) is not within the allowed path(s): (C:\inetpub\wwwroot) in C:\composer\composer.phar on line 23
[03-Jan-2020 05:40:11 UTC] PHP Warning:  require(): open_basedir restriction in effect. File(composer.phar) is not within the allowed path(s): (C:\inetpub\wwwroot) in C:\composer\composer.phar on line 24
[03-Jan-2020 05:40:11 UTC] PHP Warning:  require(phar://composer.phar/bin/composer): failed to open stream: phar error: invalid url or non-existent phar "phar://composer.phar/bin/composer" in C:\composer\composer.phar on line 24
[03-Jan-2020 05:40:11 UTC] PHP Fatal error:  require(): Failed opening required 'phar://composer.phar/bin/composer' (include_path='.;C:\php\pear') in C:\composer\composer.phar on line 24
[03-Jan-2020 05:40:13 UTC] PHP Warning:  PHP Startup: Unable to load dynamic library 'interbase' (tried: ext\interbase (Le module spécifié est introuvable.), ext\php_interbase.dll (Le module spécifié est introuvable.)) in Unknown on line 0
[03-Jan-2020 05:40:13 UTC] PHP Warning:  PHP Startup: Unable to load dynamic library 'oci8_12c' (tried: ext\oci8_12c (Le module spécifié est introuvable.), ext\php_oci8_12c.dll (Le module spécifié est introuvable.)) in Unknown on line 0
[03-Jan-2020 05:40:13 UTC] PHP Warning:  PHP Startup: Unable to load dynamic library 'pdo_firebird' (tried: ext\pdo_firebird (Le module spécifié est introuvable.), ext\php_pdo_firebird.dll (Le module spécifié est introuvable.)) in Unknown on line 0
[03-Jan-2020 05:40:13 UTC] PHP Warning:  PHP Startup: Unable to load dynamic library 'pdo_oci' (tried: ext\pdo_oci (Le module spécifié est introuvable.), ext\php_pdo_oci.dll (Le module spécifié est introuvable.)) in Unknown on line 0
[03-Jan-2020 05:40:13 UTC] PHP Warning:  Unknown: open_basedir restriction in effect. File(C:\composer\composer.phar) is not within the allowed path(s): (C:\inetpub\wwwroot) in Unknown on line 0
[03-Jan-2020 05:40:13 UTC] PHP Warning:  Phar::mapPhar(): open_basedir restriction in effect. File(C:\composer\composer.phar) is not within the allowed path(s): (C:\inetpub\wwwroot) in C:\composer\composer.phar on line 23
[03-Jan-2020 05:40:13 UTC] PHP Warning:  require(): open_basedir restriction in effect. File(composer.phar) is not within the allowed path(s): (C:\inetpub\wwwroot) in C:\composer\composer.phar on line 24
[03-Jan-2020 05:40:13 UTC] PHP Warning:  require(phar://composer.phar/bin/composer): failed to open stream: phar error: invalid url or non-existent phar "phar://composer.phar/bin/composer" in C:\composer\composer.phar on line 24
[03-Jan-2020 05:40:13 UTC] PHP Fatal error:  require(): Failed opening required 'phar://composer.phar/bin/composer' (include_path='.;C:\php\pear') in C:\composer\composer.phar on line 24
[03-Jan-2020 14:24:29 UTC] PHP Warning:  PHP Startup: Unable to load dynamic library 'interbase' (tried: C:\Users\Abdelhadi\Downloads\PHP\v7.2\ext\interbase (Le module spécifié est introuvable.), C:\Users\Abdelhadi\Downloads\PHP\v7.2\ext\php_interbase.dll (Le module spécifié est introuvable.)) in Unknown on line 0
[03-Jan-2020 14:24:29 UTC] PHP Warning:  PHP Startup: Unable to load dynamic library 'oci8_12c' (tried: C:\Users\Abdelhadi\Downloads\PHP\v7.2\ext\oci8_12c (Le module spécifié est introuvable.), C:\Users\Abdelhadi\Downloads\PHP\v7.2\ext\php_oci8_12c.dll (Le module spécifié est introuvable.)) in Unknown on line 0
[03-Jan-2020 14:24:29 UTC] PHP Warning:  PHP Startup: Unable to load dynamic library 'pdo_firebird' (tried: C:\Users\Abdelhadi\Downloads\PHP\v7.2\ext\pdo_firebird (Le module spécifié est introuvable.), C:\Users\Abdelhadi\Downloads\PHP\v7.2\ext\php_pdo_firebird.dll (Le module spécifié est introuvable.)) in Unknown on line 0
[03-Jan-2020 14:24:29 UTC] PHP Warning:  PHP Startup: Unable to load dynamic library 'pdo_oci' (tried: C:\Users\Abdelhadi\Downloads\PHP\v7.2\ext\pdo_oci (Le module spécifié est introuvable.), C:\Users\Abdelhadi\Downloads\PHP\v7.2\ext\php_pdo_oci.dll (Le module spécifié est introuvable.)) in Unknown on line 0
[03-Jan-2020 14:24:30 UTC] PHP Warning:  require(): open_basedir restriction in effect. File(C:\xampp\htdocs\Laravel\IGL2\Fonctionalit-1/vendor/autoload.php) is not within the allowed path(s): (C:\inetpub\wwwroot) in C:\xampp\htdocs\Laravel\IGL2\Fonctionalit-1\artisan on line 18
[03-Jan-2020 14:24:30 UTC] PHP Warning:  require(C:\xampp\htdocs\Laravel\IGL2\Fonctionalit-1/vendor/autoload.php): failed to open stream: Operation not permitted in C:\xampp\htdocs\Laravel\IGL2\Fonctionalit-1\artisan on line 18
[03-Jan-2020 14:24:30 UTC] PHP Fatal error:  require(): Failed opening required 'C:\xampp\htdocs\Laravel\IGL2\Fonctionalit-1/vendor/autoload.php' (include_path='.;C:\php\pear') in C:\xampp\htdocs\Laravel\IGL2\Fonctionalit-1\artisan on line 18
